[debug] [2019-09-08T04:54:14.461Z] ----------------------------------------------------------------------
[debug] [2019-09-08T04:54:14.465Z] Command:       C:\Program Files\nodejs\node.exe C:\Users\B\AppData\Roaming\npm\node_modules\firebase-tools\lib\bin\firebase.js init
[debug] [2019-09-08T04:54:14.466Z] CLI Version:   7.3.1
[debug] [2019-09-08T04:54:14.466Z] Platform:      win32
[debug] [2019-09-08T04:54:14.466Z] Node Version:  v10.16.0
[debug] [2019-09-08T04:54:14.467Z] Time:          Sun Sep 08 2019 10:54:14 GMT+0600 (Bangladesh Standard Time)
[debug] [2019-09-08T04:54:14.467Z] ----------------------------------------------------------------------
[debug] 
[debug] [2019-09-08T04:54:14.478Z] > command requires scopes: ["email","openid","https://www.googleapis.com/auth/cloudplatformprojects.readonly","https://www.googleapis.com/auth/firebase","https://www.googleapis.com/auth/cloud-platform"]
[debug] [2019-09-08T04:54:14.479Z] > authorizing via signed-in user
[info] 
     ######## #### ########  ######## ########     ###     ######  ########
     ##        ##  ##     ## ##       ##     ##  ##   ##  ##       ##
     ######    ##  ########  ######   ########  #########  ######  ######
     ##        ##  ##    ##  ##       ##     ## ##     ##       ## ##
     ##       #### ##     ## ######## ########  ##     ##  ######  ########

You're about to initialize a Firebase project in this directory:

  E:\Angular Personal\Oshop

[debug] [2019-09-08T04:54:32.801Z] ----------------------------------------------------------------------
[debug] [2019-09-08T04:54:32.805Z] Command:       C:\Program Files\nodejs\node.exe C:\Users\B\AppData\Roaming\npm\node_modules\firebase-tools\lib\bin\firebase.js init
[debug] [2019-09-08T04:54:32.806Z] CLI Version:   7.3.1
[debug] [2019-09-08T04:54:32.806Z] Platform:      win32
[debug] [2019-09-08T04:54:32.806Z] Node Version:  v10.16.0
[debug] [2019-09-08T04:54:32.807Z] Time:          Sun Sep 08 2019 10:54:32 GMT+0600 (Bangladesh Standard Time)
[debug] [2019-09-08T04:54:32.807Z] ----------------------------------------------------------------------
[debug] 
[debug] [2019-09-08T04:54:32.818Z] > command requires scopes: ["email","openid","https://www.googleapis.com/auth/cloudplatformprojects.readonly","https://www.googleapis.com/auth/firebase","https://www.googleapis.com/auth/cloud-platform"]
[debug] [2019-09-08T04:54:32.819Z] > authorizing via signed-in user
[info] 
     ######## #### ########  ######## ########     ###     ######  ########
     ##        ##  ##     ## ##       ##     ##  ##   ##  ##       ##
     ######    ##  ########  ######   ########  #########  ######  ######
     ##        ##  ##    ##  ##       ##     ## ##     ##       ## ##
     ##       #### ##     ## ######## ########  ##     ##  ######  ########

You're about to initialize a Firebase project in this directory:

  E:\Angular Personal\Oshop

[error] 
[error] Error: Must select at least one feature. Use SPACEBAR to select features, or provide a feature with firebase init [feature_name]
